INFO:__main__:Saving results to /projects/b1094/StarEmbed/src/output/clustering/all_split_all_standardize/csdr1_raw4_catflags_filtered_embs_chronos_t5_tiny_trn_val_tst_ctx200_bandgr_all_c1_std1_p30.0_seed42
INFO:__main__:Step 1: Loading dataset...
INFO:__main__:Step 2: Building label2idx mapping and saving original labels...
INFO:__main__:Using original label order: ['1', '13', '2', '4', '5', '6', '8']
INFO:__main__:Step 3: Converting embeddings & labels to NumPy arrays...
INFO:__main__:Step 4: No filtering (using all classes)
INFO:__main__:Step 4.5: Applying StandardScaler to features...
INFO:__main__:Features standardized. Train shape: (28000, 512), Test shape: (7956, 512), Valid shape: (3967, 512)
INFO:__main__:Step 4.6: Combining all splits (train+validation+test) for clustering...
INFO:__main__:Combined dataset shape: (39923, 512)
INFO:__main__:Step 5: Clustering ALL splits combined (train+validation+test)
INFO:__main__:All   → Ward      ARI=0.1217, NMI=0.1890, F1=0.3671
INFO:__main__:Step 9: t-SNE ALL splits combined (original labels)
INFO:__main__:Clustering pipeline completed successfully.
INFO:__main__:Saving results to /projects/b1094/StarEmbed/src/output/clustering/all_split_all_standardize/csdr1_raw4_catflags_filtered_embs_chronos_bolt_tiny_trn_val_tst_ctx200_bandgr_all_c1_std1_p30.0_seed42
INFO:__main__:Step 1: Loading dataset...
INFO:__main__:Step 2: Building label2idx mapping and saving original labels...
INFO:__main__:Using original label order: ['1', '13', '2', '4', '5', '6', '8']
INFO:__main__:Step 3: Converting embeddings & labels to NumPy arrays...
INFO:__main__:Step 4: No filtering (using all classes)
INFO:__main__:Step 4.5: Applying StandardScaler to features...
INFO:__main__:Features standardized. Train shape: (28000, 512), Test shape: (7956, 512), Valid shape: (3967, 512)
INFO:__main__:Step 4.6: Combining all splits (train+validation+test) for clustering...
INFO:__main__:Combined dataset shape: (39923, 512)
INFO:__main__:Step 5: Clustering ALL splits combined (train+validation+test)
INFO:__main__:All   → Ward      ARI=0.1553, NMI=0.2273, F1=0.3662
INFO:__main__:Step 9: t-SNE ALL splits combined (original labels)
INFO:__main__:Clustering pipeline completed successfully.
INFO:__main__:Saving results to /projects/b1094/StarEmbed/src/output/clustering/all_split_all_standardize/csdr1_raw_embs_moiral_small_trn_val_tst_ctx200_pdt64_psz16_bandgr_all_c1_std1_p30.0_seed42
INFO:__main__:Step 1: Loading dataset...
INFO:__main__:Step 2: Building label2idx mapping and saving original labels...
INFO:__main__:Using original label order: ['1', '13', '2', '4', '5', '6', '8']
INFO:__main__:Step 3: Converting embeddings & labels to NumPy arrays...
INFO:__main__:Step 4: No filtering (using all classes)
INFO:__main__:Step 4.5: Applying StandardScaler to features...
INFO:__main__:Features standardized. Train shape: (28000, 768), Test shape: (7956, 768), Valid shape: (3967, 768)
INFO:__main__:Step 4.6: Combining all splits (train+validation+test) for clustering...
INFO:__main__:Combined dataset shape: (39923, 768)
INFO:__main__:Step 5: Clustering ALL splits combined (train+validation+test)
INFO:__main__:All   → Ward      ARI=0.0828, NMI=0.1476, F1=0.2612
INFO:__main__:Step 9: t-SNE ALL splits combined (original labels)
INFO:__main__:Clustering pipeline completed successfully.
INFO:__main__:Saving results to /projects/b1094/StarEmbed/src/output/clustering/all_split_all_standardize/hf_csdr1_multiband_raw4_embeddings_astromer_1_subclass_pad_correct_all_c1_std1_p30.0_seed42
INFO:__main__:Step 1: Loading dataset...
INFO:__main__:Step 2: Building label2idx mapping and saving original labels...
INFO:__main__:Using original label order: ['1', '13', '2', '4', '5', '6', '8']
INFO:__main__:Step 3: Converting embeddings & labels to NumPy arrays...
INFO:__main__:Step 4: No filtering (using all classes)
INFO:__main__:Step 4.5: Applying StandardScaler to features...
INFO:__main__:Features standardized. Train shape: (29046, 512), Test shape: (8300, 512), Valid shape: (4149, 512)
INFO:__main__:Step 4.6: Combining all splits (train+validation+test) for clustering...
INFO:__main__:Combined dataset shape: (41495, 512)
INFO:__main__:Step 5: Clustering ALL splits combined (train+validation+test)
INFO:__main__:All   → Ward      ARI=0.0001, NMI=0.0041, F1=0.1652
INFO:__main__:Step 9: t-SNE ALL splits combined (original labels)
INFO:__main__:Clustering pipeline completed successfully.
INFO:__main__:Saving results to /projects/b1094/StarEmbed/src/output/clustering/all_split_all_standardize/random_all_c1_std1_p30.0_seed42
INFO:__main__:Step 1: Loading dataset...
INFO:__main__:Step 2: Building label2idx mapping and saving original labels...
INFO:__main__:Using original label order: ['1', '13', '2', '4', '5', '6', '8']
INFO:__main__:Step 3: Converting embeddings & labels to NumPy arrays...
INFO:__main__:Step 4: No filtering (using all classes)
INFO:__main__:Step 4.5: Applying StandardScaler to features...
INFO:__main__:Features standardized. Train shape: (29043, 512), Test shape: (8300, 512), Valid shape: (4149, 512)
INFO:__main__:Step 4.6: Combining all splits (train+validation+test) for clustering...
INFO:__main__:Combined dataset shape: (41492, 512)
INFO:__main__:Step 5: Clustering ALL splits combined (train+validation+test)
INFO:__main__:All   → Ward      ARI=0.0004, NMI=0.0003, F1=0.1122
INFO:__main__:Step 9: t-SNE ALL splits combined (original labels)
INFO:__main__:Clustering pipeline completed successfully.
INFO:__main__:Saving results to /projects/b1094/StarEmbed/src/output/clustering/all_split_all_standardize/hf_csdr1_multiband_raw4_embeddings_astromer_2_gr_sampling_True_all_c1_std1_p30.0_seed42
INFO:__main__:Step 1: Loading dataset...
INFO:__main__:Step 2: Building label2idx mapping and saving original labels...
INFO:__main__:Using original label order: ['1', '13', '2', '4', '5', '6', '8']
INFO:__main__:Step 3: Converting embeddings & labels to NumPy arrays...
INFO:__main__:Step 4: No filtering (using all classes)
INFO:__main__:Step 4.5: Applying StandardScaler to features...
INFO:__main__:Features standardized. Train shape: (28000, 512), Test shape: (7956, 512), Valid shape: (3967, 512)
INFO:__main__:Step 4.6: Combining all splits (train+validation+test) for clustering...
INFO:__main__:Combined dataset shape: (39923, 512)
INFO:__main__:Step 5: Clustering ALL splits combined (train+validation+test)
INFO:__main__:All   → Ward      ARI=0.0310, NMI=0.0091, F1=0.1600
INFO:__main__:Step 9: t-SNE ALL splits combined (original labels)
INFO:__main__:Clustering pipeline completed successfully.
