================ input embs: /projects/b1094/StarEmbed/embeddings/csdr1_raw4_catflags_filtered_embs_hand_crafted_trn_val_tst_bandgr ================
Hand-crafted features: True
Standardization: True
Removing outliers from hand-crafted dataset
selected 27997 train samples, 3967 validation samples, 7956 test samples
Applying StandardScaler to features...
Features standardized
Fitting 1 folds for each of 36 candidates, totalling 36 fits
[CV 1/1] END max_depth=10, min_samples_split=5, n_estimators=100;, score=0.786 total time=  19.7s
[CV 1/1] END max_depth=10, min_samples_split=10, n_estimators=500;, score=0.784 total time= 1.6min
[CV 1/1] END max_depth=10, min_samples_split=2, n_estimators=100;, score=0.782 total time=  19.7s
[CV 1/1] END max_depth=20, min_samples_split=2, n_estimators=100;, score=0.804 total time=  32.3s
[CV 1/1] END max_depth=20, min_samples_split=10, n_estimators=100;, score=0.805 total time=  32.2s
[CV 1/1] END max_depth=30, min_samples_split=5, n_estimators=100;, score=0.808 total time=  36.2s
[CV 1/1] END max_depth=10, min_samples_split=10, n_estimators=100;, score=0.786 total time=  19.7s
[CV 1/1] END max_depth=10, min_samples_split=10, n_estimators=200;, score=0.783 total time=  39.4s
[CV 1/1] END max_depth=20, min_samples_split=10, n_estimators=200;, score=0.804 total time= 1.1min
[CV 1/1] END max_depth=10, min_samples_split=5, n_estimators=500;, score=0.781 total time= 1.7min
[CV 1/1] END max_depth=30, min_samples_split=10, n_estimators=100;, score=0.798 total time=  37.7s
[CV 1/1] END max_depth=None, min_samples_split=5, n_estimators=200;, score=0.806 total time= 1.2min
[CV 1/1] END max_depth=30, min_samples_split=2, n_estimators=200;, score=0.799 total time= 1.2min
seed: 200
f1:  0.8053683945855358 | 0.0020658252708998454
acc:  0.9202279202279202 | 0.0002136341341374546
precision:  0.8679609376424465 | 0.000615749694278843
recall:  0.7735875729655982 | 0.002233461398939612
-------------------------------
Saved individual results to: /projects/b1094/StarEmbed/src/output/rf/csdr1_raw4_catflags_filtered_embs_hand_crafted_trn_val_tst_bandgr_results.json
Saved combined results to: /projects/b1094/StarEmbed/src/output/rf/csdr1_raw4_catflags_filtered_embs_hand_crafted_trn_val_tst_bandgr_rf_hpo_results_20250919_172454.json
Saved summary to: /projects/b1094/StarEmbed/src/output/rf/csdr1_raw4_catflags_filtered_embs_hand_crafted_trn_val_tst_bandgr_rf_hpo_summary_20250919_172454.txt
[CV 1/1] END max_depth=10, min_samples_split=2, n_estimators=500;, score=0.781 total time= 1.6min
[CV 1/1] END max_depth=30, min_samples_split=5, n_estimators=200;, score=0.802 total time= 1.2min
[CV 1/1] END max_depth=10, min_samples_split=2, n_estimators=200;, score=0.787 total time=  39.4s
[CV 1/1] END max_depth=20, min_samples_split=5, n_estimators=200;, score=0.797 total time= 1.1min
[CV 1/1] END max_depth=30, min_samples_split=10, n_estimators=200;, score=0.806 total time= 1.2min
[CV 1/1] END max_depth=None, min_samples_split=10, n_estimators=500;, score=0.797 total time= 3.0min
[CV 1/1] END max_depth=None, min_samples_split=5, n_estimators=500;, score=0.799 total time= 3.0min
[CV 1/1] END max_depth=None, min_samples_split=2, n_estimators=500;, score=0.803 total time= 3.1min
[CV 1/1] END max_depth=10, min_samples_split=5, n_estimators=200;, score=0.785 total time=  39.5s
[CV 1/1] END max_depth=20, min_samples_split=5, n_estimators=500;, score=0.800 total time= 2.7min
[CV 1/1] END max_depth=None, min_samples_split=5, n_estimators=100;, score=0.806 total time=  38.2s
[CV 1/1] END max_depth=20, min_samples_split=2, n_estimators=500;, score=0.807 total time= 2.8min
[CV 1/1] END max_depth=None, min_samples_split=2, n_estimators=100;, score=0.811 total time=  38.3s
[CV 1/1] END max_depth=20, min_samples_split=5, n_estimators=100;, score=0.805 total time=  32.4s
[CV 1/1] END max_depth=20, min_samples_split=10, n_estimators=500;, score=0.803 total time= 2.7min
[CV 1/1] END max_depth=None, min_samples_split=2, n_estimators=200;, score=0.811 total time= 1.2min
[CV 1/1] END max_depth=30, min_samples_split=2, n_estimators=500;, score=0.804 total time= 3.1min
[CV 1/1] END max_depth=None, min_samples_split=10, n_estimators=100;, score=0.811 total time=  36.4s
[CV 1/1] END max_depth=20, min_samples_split=2, n_estimators=200;, score=0.806 total time= 1.1min
[CV 1/1] END max_depth=30, min_samples_split=5, n_estimators=500;, score=0.800 total time= 3.0min
[CV 1/1] END max_depth=None, min_samples_split=10, n_estimators=200;, score=0.806 total time= 1.2min
[CV 1/1] END max_depth=30, min_samples_split=2, n_estimators=100;, score=0.800 total time=  36.5s
[CV 1/1] END max_depth=30, min_samples_split=10, n_estimators=500;, score=0.797 total time= 3.0min
