Output directory: /projects/b1094/StarEmbed/src/output/rf/astromer_2
================ input embs: /projects/b1094/StarEmbed/embeddings/embeddings_with_anom/hf_csdr1_multiband_raw4_embeddings_astromer_2_gr_sampling_True ================
Hand-crafted features: False
Standardization: True
Skip HPO: True
Random seed: 42
Removing outliers from dataset
selected 28000 train samples, 3967 validation samples, 7956 test samples
Applying StandardScaler to features...
Features standardized
Using provided best parameters: {'max_depth': 30, 'min_samples_split': 10, 'n_estimators': 500}
Training model with seed 42...
Seed 42 - F1: 0.5822, Acc: 0.8460, Precision: 0.7923, Recall: 0.5268
Training model with seed 100...
Seed 100 - F1: 0.5754, Acc: 0.8460, Precision: 0.7885, Recall: 0.5212
Training model with seed 200...
Seed 200 - F1: 0.5830, Acc: 0.8465, Precision: 0.8014, Recall: 0.5264
Saved individual reports for seeds: [42, 100, 200]
Saved mean classification report to: /projects/b1094/StarEmbed/src/output/rf/astromer_2/hf_csdr1_multiband_raw4_embeddings_astromer_2_gr_sampling_True_rf_classification_report_mean.csv
Saved std classification report to: /projects/b1094/StarEmbed/src/output/rf/astromer_2/hf_csdr1_multiband_raw4_embeddings_astromer_2_gr_sampling_True_rf_classification_report_std.csv
Saved mean confusion matrix plot to: /projects/b1094/StarEmbed/src/output/rf/astromer_2/hf_csdr1_multiband_raw4_embeddings_astromer_2_gr_sampling_True_rf_confusion_matrix_mean.pdf
Overall Results across 3 seeds:
f1:  0.5801813426575629 | 0.0033863893684908182
acc:  0.8461957432545667 | 0.00023700579225290598
precision:  0.7940997288868058 | 0.005427096459554098
recall:  0.5248000290135232 | 0.002569712567137925
-------------------------------
