Output directory: /projects/b1094/StarEmbed/src/output/rf/handcrafted_feature
================ input embs: /projects/b1094/StarEmbed/embeddings/csdr1_raw4_catflags_filtered_embs_hand_crafted_trn_val_tst_bandgr ================
Hand-crafted features: True
Standardization: True
Skip HPO: True
Random seed: 42
Removing outliers from hand-crafted dataset
selected 27997 train samples, 3967 validation samples, 7956 test samples
Applying StandardScaler to features...
Features standardized
Error: Invalid JSON format for best_params. Using default parameters.
Saved classification report to: /projects/b1094/StarEmbed/src/output/rf/handcrafted_feature/csdr1_raw4_catflags_filtered_embs_hand_crafted_trn_val_tst_bandgr_rf_classification_report.csv
Saved confusion matrix plot to: /projects/b1094/StarEmbed/src/output/rf/handcrafted_feature/csdr1_raw4_catflags_filtered_embs_hand_crafted_trn_val_tst_bandgr_rf_confusion_matrix.pdf
seed: 200
f1:  0.8072418364775 | 0.0018547576344278066
acc:  0.9210239651416122 | 0.00042726826827490925
precision:  0.8647152072463791 | 0.001237634681878353
recall:  0.7768295334726791 | 0.002206542414535536
-------------------------------
Saved individual results to: /projects/b1094/StarEmbed/src/output/rf/handcrafted_feature/csdr1_raw4_catflags_filtered_embs_hand_crafted_trn_val_tst_bandgr_results.json
Saved combined results to: /projects/b1094/StarEmbed/src/output/rf/handcrafted_feature/csdr1_raw4_catflags_filtered_embs_hand_crafted_trn_val_tst_bandgr_rf_hpo_results_20250921_191245.json
Saved summary to: /projects/b1094/StarEmbed/src/output/rf/handcrafted_feature/csdr1_raw4_catflags_filtered_embs_hand_crafted_trn_val_tst_bandgr_rf_hpo_summary_20250921_191245.txt
Output directory: /projects/b1094/StarEmbed/src/output/rf/astromer2
================ input embs: /projects/b1094/StarEmbed/embeddings/embeddings_with_anom/hf_csdr1_multiband_raw4_embeddings_astromer_2_gr_sampling_True ================
Hand-crafted features: False
Standardization: True
Skip HPO: True
Random seed: 42
Removing outliers from dataset
selected 28000 train samples, 3967 validation samples, 7956 test samples
