Saving results to /projects/b1094/StarEmbed/src/output/clustering/random_test_c1_std0_p30.0_seed42
Step 1: Loading dataset...
Removing outliers from hand-crafted dataset
selected 29043 train samples, 4149 validation samples, 8300 test samples
Step 2: Building label2idx mapping and saving original labels...
Using original label order: ['1', '13', '2', '4', '5', '6', '8']
Step 3: Converting embeddings & labels to NumPy arrays...
Step 4: No filtering (using all classes)
Step 4.5: Skipping standardization

Step 6: Clustering TEST split
  → K-Means (k=7)
  → Ward    (k=7)
Test  → K-Means  ARI=-0.0003, NMI=0.0012, F1=0.1021
Test  → Ward      ARI=0.0008, NMI=0.0016, F1=0.1185

Step 8: t-SNE TEST (original labels)
  → t-SNE (t-SNE on Filtered Test)
Saving t-SNE plot to /projects/b1094/StarEmbed/src/output/clustering/random_test_c1_std0_p30.0_seed42/t-SNE-on-Filtered-Test.pdf
Saving results to /projects/b1094/StarEmbed/src/output/clustering/random_test_c1_std0_p30.0_seed100
Step 1: Loading dataset...
Removing outliers from hand-crafted dataset
selected 29043 train samples, 4149 validation samples, 8300 test samples
Step 2: Building label2idx mapping and saving original labels...
Using original label order: ['1', '13', '2', '4', '5', '6', '8']
Step 3: Converting embeddings & labels to NumPy arrays...
Step 4: No filtering (using all classes)
Step 4.5: Skipping standardization

Step 6: Clustering TEST split
  → K-Means (k=7)
  → Ward    (k=7)
Test  → K-Means  ARI=0.0003, NMI=0.0020, F1=0.1066
Test  → Ward      ARI=0.0008, NMI=0.0016, F1=0.1185

Step 8: t-SNE TEST (original labels)
  → t-SNE (t-SNE on Filtered Test)
Saving t-SNE plot to /projects/b1094/StarEmbed/src/output/clustering/random_test_c1_std0_p30.0_seed100/t-SNE-on-Filtered-Test.pdf
Saving results to /projects/b1094/StarEmbed/src/output/clustering/random_test_c1_std0_p30.0_seed200
Step 1: Loading dataset...
Removing outliers from hand-crafted dataset
selected 29043 train samples, 4149 validation samples, 8300 test samples
Step 2: Building label2idx mapping and saving original labels...
Using original label order: ['1', '13', '2', '4', '5', '6', '8']
Step 3: Converting embeddings & labels to NumPy arrays...
Step 4: No filtering (using all classes)
Step 4.5: Skipping standardization

Step 6: Clustering TEST split
  → K-Means (k=7)
  → Ward    (k=7)
Test  → K-Means  ARI=-0.0001, NMI=0.0010, F1=0.1013
Test  → Ward      ARI=0.0008, NMI=0.0016, F1=0.1185

Step 8: t-SNE TEST (original labels)
  → t-SNE (t-SNE on Filtered Test)
Saving t-SNE plot to /projects/b1094/StarEmbed/src/output/clustering/random_test_c1_std0_p30.0_seed200/t-SNE-on-Filtered-Test.pdf
