Saving results to /projects/p32795/weijian/skai_universal_forecaster/src/aurora/eval/classification/kmeans/clustering4/s42p30.0mtestc0icsdr1_raw4_catflags_filtered_embs_chronos_t5_tiny_trn_val_tst_ctx200_bandgr
Step 1: Loading dataset...
Removing outliers from dataset
selected 28000 train samples, 3967 validation samples, 7956 test samples
Step 2: Building label2idx mapping and saving original labels...
Step 3: Converting embeddings & labels to NumPy arrays...
Step 4: No filtering (using all classes)

Step 6: Clustering TEST split
  → K-Means (k=6)
  → Ward    (k=6)
Test  → K-Means  ARI=0.2112, NMI=0.3331, F1=0.3712
Test  → Ward      ARI=0.0691, NMI=0.2076, F1=0.3324

Step 8: t-SNE TEST (original labels)
  → t-SNE (t-SNE on Filtered Test)
Saving t-SNE plot to /projects/p32795/weijian/skai_universal_forecaster/src/aurora/eval/classification/kmeans/clustering4/s42p30.0mtestc0icsdr1_raw4_catflags_filtered_embs_chronos_t5_tiny_trn_val_tst_ctx200_bandgr/t-SNE-on-Filtered-Test.pdf
Saving results to /projects/p32795/weijian/skai_universal_forecaster/src/aurora/eval/classification/kmeans/clustering4/s42p30.0mtestc1icsdr1_raw4_catflags_filtered_embs_chronos_t5_tiny_trn_val_tst_ctx200_bandgr
Step 1: Loading dataset...
Removing outliers from dataset
selected 28000 train samples, 3967 validation samples, 7956 test samples
Step 2: Building label2idx mapping and saving original labels...
Step 3: Converting embeddings & labels to NumPy arrays...
Step 4: No filtering (using all classes)

Step 6: Clustering TEST split
  → K-Means (k=6)
  → Ward    (k=6)
Test  → K-Means  ARI=0.1666, NMI=0.2510, F1=0.3639
Test  → Ward      ARI=0.1074, NMI=0.2212, F1=0.3435

Step 8: t-SNE TEST (original labels)
  → t-SNE (t-SNE on Filtered Test)
Saving t-SNE plot to /projects/p32795/weijian/skai_universal_forecaster/src/aurora/eval/classification/kmeans/clustering4/s42p30.0mtestc1icsdr1_raw4_catflags_filtered_embs_chronos_t5_tiny_trn_val_tst_ctx200_bandgr/t-SNE-on-Filtered-Test.pdf
Saving results to /projects/p32795/weijian/skai_universal_forecaster/src/aurora/eval/classification/kmeans/clustering4/s100p30.0mtestc0icsdr1_raw4_catflags_filtered_embs_chronos_t5_tiny_trn_val_tst_ctx200_bandgr
Step 1: Loading dataset...
Removing outliers from dataset
selected 28000 train samples, 3967 validation samples, 7956 test samples
Step 2: Building label2idx mapping and saving original labels...
Step 3: Converting embeddings & labels to NumPy arrays...
Step 4: No filtering (using all classes)

Step 6: Clustering TEST split
  → K-Means (k=6)
  → Ward    (k=6)
Test  → K-Means  ARI=0.1036, NMI=0.2886, F1=0.3575
Test  → Ward      ARI=0.0691, NMI=0.2076, F1=0.3324

Step 8: t-SNE TEST (original labels)
  → t-SNE (t-SNE on Filtered Test)
Saving t-SNE plot to /projects/p32795/weijian/skai_universal_forecaster/src/aurora/eval/classification/kmeans/clustering4/s100p30.0mtestc0icsdr1_raw4_catflags_filtered_embs_chronos_t5_tiny_trn_val_tst_ctx200_bandgr/t-SNE-on-Filtered-Test.pdf
Saving results to /projects/p32795/weijian/skai_universal_forecaster/src/aurora/eval/classification/kmeans/clustering4/s100p30.0mtestc1icsdr1_raw4_catflags_filtered_embs_chronos_t5_tiny_trn_val_tst_ctx200_bandgr
Step 1: Loading dataset...
Removing outliers from dataset
selected 28000 train samples, 3967 validation samples, 7956 test samples
Step 2: Building label2idx mapping and saving original labels...
Step 3: Converting embeddings & labels to NumPy arrays...
Step 4: No filtering (using all classes)

Step 6: Clustering TEST split
  → K-Means (k=6)
  → Ward    (k=6)
Test  → K-Means  ARI=0.1282, NMI=0.2220, F1=0.3569
Test  → Ward      ARI=0.1074, NMI=0.2212, F1=0.3435

Step 8: t-SNE TEST (original labels)
  → t-SNE (t-SNE on Filtered Test)
Saving t-SNE plot to /projects/p32795/weijian/skai_universal_forecaster/src/aurora/eval/classification/kmeans/clustering4/s100p30.0mtestc1icsdr1_raw4_catflags_filtered_embs_chronos_t5_tiny_trn_val_tst_ctx200_bandgr/t-SNE-on-Filtered-Test.pdf
Saving results to /projects/p32795/weijian/skai_universal_forecaster/src/aurora/eval/classification/kmeans/clustering4/s200p30.0mtestc0icsdr1_raw4_catflags_filtered_embs_chronos_t5_tiny_trn_val_tst_ctx200_bandgr
Step 1: Loading dataset...
Removing outliers from dataset
selected 28000 train samples, 3967 validation samples, 7956 test samples
Step 2: Building label2idx mapping and saving original labels...
Step 3: Converting embeddings & labels to NumPy arrays...
Step 4: No filtering (using all classes)

Step 6: Clustering TEST split
  → K-Means (k=6)
  → Ward    (k=6)
Test  → K-Means  ARI=0.1058, NMI=0.2246, F1=0.3247
Test  → Ward      ARI=0.0691, NMI=0.2076, F1=0.3324

Step 8: t-SNE TEST (original labels)
  → t-SNE (t-SNE on Filtered Test)
Saving t-SNE plot to /projects/p32795/weijian/skai_universal_forecaster/src/aurora/eval/classification/kmeans/clustering4/s200p30.0mtestc0icsdr1_raw4_catflags_filtered_embs_chronos_t5_tiny_trn_val_tst_ctx200_bandgr/t-SNE-on-Filtered-Test.pdf
Saving results to /projects/p32795/weijian/skai_universal_forecaster/src/aurora/eval/classification/kmeans/clustering4/s200p30.0mtestc1icsdr1_raw4_catflags_filtered_embs_chronos_t5_tiny_trn_val_tst_ctx200_bandgr
Step 1: Loading dataset...
Removing outliers from dataset
selected 28000 train samples, 3967 validation samples, 7956 test samples
Step 2: Building label2idx mapping and saving original labels...
Step 3: Converting embeddings & labels to NumPy arrays...
Step 4: No filtering (using all classes)

Step 6: Clustering TEST split
  → K-Means (k=6)
  → Ward    (k=6)
Test  → K-Means  ARI=0.1756, NMI=0.2777, F1=0.3546
Test  → Ward      ARI=0.1074, NMI=0.2212, F1=0.3435

Step 8: t-SNE TEST (original labels)
  → t-SNE (t-SNE on Filtered Test)
Saving t-SNE plot to /projects/p32795/weijian/skai_universal_forecaster/src/aurora/eval/classification/kmeans/clustering4/s200p30.0mtestc1icsdr1_raw4_catflags_filtered_embs_chronos_t5_tiny_trn_val_tst_ctx200_bandgr/t-SNE-on-Filtered-Test.pdf
