Saving results to /projects/b1094/StarEmbed/src/output/clustering/hf_csdr1_multiband_raw4_embeddings_astromer_2_gr_sampling_True_test_c1_std0_p30.0_seed42
Step 1: Loading dataset...
Removing outliers from dataset
selected 28000 train samples, 3967 validation samples, 7956 test samples
Step 2: Building label2idx mapping and saving original labels...
Using original label order: ['1', '13', '2', '4', '5', '6', '8']
Step 3: Converting embeddings & labels to NumPy arrays...
Saving results to /projects/b1094/StarEmbed/src/output/clustering/hf_csdr1_multiband_raw4_embeddings_astromer_2_gr_sampling_True_test_c1_std0_p30.0_seed100
Step 1: Loading dataset...
Removing outliers from dataset
selected 28000 train samples, 3967 validation samples, 7956 test samples
Step 2: Building label2idx mapping and saving original labels...
Using original label order: ['1', '13', '2', '4', '5', '6', '8']
Step 3: Converting embeddings & labels to NumPy arrays...
Saving results to /projects/b1094/StarEmbed/src/output/clustering/hf_csdr1_multiband_raw4_embeddings_astromer_2_gr_sampling_True_test_c1_std0_p30.0_seed200
Step 1: Loading dataset...
Removing outliers from dataset
selected 28000 train samples, 3967 validation samples, 7956 test samples
Step 2: Building label2idx mapping and saving original labels...
Using original label order: ['1', '13', '2', '4', '5', '6', '8']
Step 3: Converting embeddings & labels to NumPy arrays...
