INFO:__main__:Saving results to /projects/b1094/StarEmbed/src/output/clustering/all_split/csdr1_raw4_catflags_filtered_embs_chronos_bolt_tiny_trn_val_tst_ctx200_bandgr_all_c1_std0_p30.0_seed42
INFO:__main__:Step 1: Loading dataset...
INFO:__main__:Step 2: Building label2idx mapping and saving original labels...
INFO:__main__:Using original label order: ['1', '13', '2', '4', '5', '6', '8']
INFO:__main__:Step 3: Converting embeddings & labels to NumPy arrays...
INFO:__main__:Step 4: No filtering (using all classes)
INFO:__main__:Step 4.5: Skipping standardization
INFO:__main__:Step 4.6: Combining all splits (train+validation+test) for clustering...
INFO:__main__:Combined dataset shape: (39923, 512)
INFO:__main__:Step 5: Clustering ALL splits combined (train+validation+test)
INFO:__main__:All   → K-Means  ARI=0.1275, NMI=0.2151, F1=0.3053
INFO:__main__:All   → Ward      ARI=0.1862, NMI=0.2245, F1=0.3700
INFO:__main__:Step 9: t-SNE ALL splits combined (original labels)
INFO:__main__:Clustering pipeline completed successfully.
INFO:__main__:Saving results to /projects/b1094/StarEmbed/src/output/clustering/all_split/csdr1_raw4_catflags_filtered_embs_chronos_bolt_tiny_trn_val_tst_ctx200_bandgr_all_c1_std0_p30.0_seed100
INFO:__main__:Step 1: Loading dataset...
INFO:__main__:Step 2: Building label2idx mapping and saving original labels...
INFO:__main__:Using original label order: ['1', '13', '2', '4', '5', '6', '8']
INFO:__main__:Step 3: Converting embeddings & labels to NumPy arrays...
INFO:__main__:Step 4: No filtering (using all classes)
INFO:__main__:Step 4.5: Skipping standardization
INFO:__main__:Step 4.6: Combining all splits (train+validation+test) for clustering...
INFO:__main__:Combined dataset shape: (39923, 512)
INFO:__main__:Step 5: Clustering ALL splits combined (train+validation+test)
INFO:__main__:All   → K-Means  ARI=0.1289, NMI=0.2160, F1=0.3067
INFO:__main__:All   → Ward      ARI=0.1862, NMI=0.2245, F1=0.3700
INFO:__main__:Step 9: t-SNE ALL splits combined (original labels)
INFO:__main__:Clustering pipeline completed successfully.
INFO:__main__:Saving results to /projects/b1094/StarEmbed/src/output/clustering/all_split/csdr1_raw4_catflags_filtered_embs_chronos_bolt_tiny_trn_val_tst_ctx200_bandgr_all_c1_std0_p30.0_seed200
INFO:__main__:Step 1: Loading dataset...
INFO:__main__:Step 2: Building label2idx mapping and saving original labels...
INFO:__main__:Using original label order: ['1', '13', '2', '4', '5', '6', '8']
INFO:__main__:Step 3: Converting embeddings & labels to NumPy arrays...
INFO:__main__:Step 4: No filtering (using all classes)
INFO:__main__:Step 4.5: Skipping standardization
INFO:__main__:Step 4.6: Combining all splits (train+validation+test) for clustering...
INFO:__main__:Combined dataset shape: (39923, 512)
INFO:__main__:Step 5: Clustering ALL splits combined (train+validation+test)
INFO:__main__:All   → K-Means  ARI=0.1280, NMI=0.2155, F1=0.3058
INFO:__main__:All   → Ward      ARI=0.1862, NMI=0.2245, F1=0.3700
INFO:__main__:Step 9: t-SNE ALL splits combined (original labels)
INFO:__main__:Clustering pipeline completed successfully.
