Saving results to /projects/b1094/StarEmbed/src/output/clustering/csdr1_raw4_catflags_filtered_embs_chronos_bolt_tiny_trn_val_tst_ctx200_bandgr_test_c1_std0_p30.0_seed42
Step 1: Loading dataset...
Saving results to /projects/b1094/StarEmbed/src/output/clustering/csdr1_raw_embs_moiral_small_trn_val_tst_ctx200_pdt64_psz16_bandgr_test_c1_std0_p30.0_seed42
Step 1: Loading dataset...
Removing outliers from dataset
selected 28000 train samples, 3967 validation samples, 7956 test samples
Step 2: Building label2idx mapping and saving original labels...
Using original label order: ['1', '13', '2', '4', '5', '6', '8']
Step 3: Converting embeddings & labels to NumPy arrays...
Step 4: No filtering (using all classes)
Step 4.5: Skipping standardization

Step 6: Clustering TEST split
  → K-Means (k=7)
  → Ward    (k=7)
Test  → K-Means  ARI=0.0158, NMI=0.0849, F1=0.1665
Test  → Ward      ARI=0.0024, NMI=0.0816, F1=0.1611

Step 8: t-SNE TEST (original labels)
  → t-SNE (t-SNE on Filtered Test)
Saving t-SNE plot to /projects/b1094/StarEmbed/src/output/clustering/csdr1_raw_embs_moiral_small_trn_val_tst_ctx200_pdt64_psz16_bandgr_test_c1_std0_p30.0_seed42/t-SNE-on-Filtered-Test.pdf
Saving results to /projects/b1094/StarEmbed/src/output/clustering/hf_csdr1_multiband_raw4_embeddings_astromer_1_subclass_pad_correct_test_c1_std0_p30.0_seed42
Step 1: Loading dataset...
Removing outliers from dataset
selected 29046 train samples, 4149 validation samples, 8300 test samples
Step 2: Building label2idx mapping and saving original labels...
Using original label order: ['1', '13', '2', '4', '5', '6', '8']
Step 3: Converting embeddings & labels to NumPy arrays...
Step 4: No filtering (using all classes)
Step 4.5: Skipping standardization

Step 6: Clustering TEST split
  → K-Means (k=7)
  → Ward    (k=7)
Test  → K-Means  ARI=0.0097, NMI=0.0048, F1=0.1703
Test  → Ward      ARI=0.0074, NMI=0.0034, F1=0.1498

Step 8: t-SNE TEST (original labels)
  → t-SNE (t-SNE on Filtered Test)
Saving t-SNE plot to /projects/b1094/StarEmbed/src/output/clustering/hf_csdr1_multiband_raw4_embeddings_astromer_1_subclass_pad_correct_test_c1_std0_p30.0_seed42/t-SNE-on-Filtered-Test.pdf
Saving results to /projects/b1094/StarEmbed/src/output/clustering/csdr1_raw4_catflags_filtered_embs_chronos_bolt_tiny_trn_val_tst_ctx200_bandgr_test_c1_std0_p30.0_seed100
Step 1: Loading dataset...
Saving results to /projects/b1094/StarEmbed/src/output/clustering/csdr1_raw_embs_moiral_small_trn_val_tst_ctx200_pdt64_psz16_bandgr_test_c1_std0_p30.0_seed100
Step 1: Loading dataset...
Removing outliers from dataset
selected 28000 train samples, 3967 validation samples, 7956 test samples
Step 2: Building label2idx mapping and saving original labels...
Using original label order: ['1', '13', '2', '4', '5', '6', '8']
Step 3: Converting embeddings & labels to NumPy arrays...
Step 4: No filtering (using all classes)
Step 4.5: Skipping standardization

Step 6: Clustering TEST split
  → K-Means (k=7)
  → Ward    (k=7)
Test  → K-Means  ARI=0.0158, NMI=0.0835, F1=0.1662
Test  → Ward      ARI=0.0024, NMI=0.0816, F1=0.1611

Step 8: t-SNE TEST (original labels)
  → t-SNE (t-SNE on Filtered Test)
Saving t-SNE plot to /projects/b1094/StarEmbed/src/output/clustering/csdr1_raw_embs_moiral_small_trn_val_tst_ctx200_pdt64_psz16_bandgr_test_c1_std0_p30.0_seed100/t-SNE-on-Filtered-Test.pdf
Saving results to /projects/b1094/StarEmbed/src/output/clustering/hf_csdr1_multiband_raw4_embeddings_astromer_1_subclass_pad_correct_test_c1_std0_p30.0_seed100
Step 1: Loading dataset...
Removing outliers from dataset
selected 29046 train samples, 4149 validation samples, 8300 test samples
Step 2: Building label2idx mapping and saving original labels...
Using original label order: ['1', '13', '2', '4', '5', '6', '8']
Step 3: Converting embeddings & labels to NumPy arrays...
Step 4: No filtering (using all classes)
Step 4.5: Skipping standardization

Step 6: Clustering TEST split
  → K-Means (k=7)
  → Ward    (k=7)
Test  → K-Means  ARI=0.0083, NMI=0.0056, F1=0.1695
Test  → Ward      ARI=0.0074, NMI=0.0034, F1=0.1498

Step 8: t-SNE TEST (original labels)
  → t-SNE (t-SNE on Filtered Test)
Saving t-SNE plot to /projects/b1094/StarEmbed/src/output/clustering/hf_csdr1_multiband_raw4_embeddings_astromer_1_subclass_pad_correct_test_c1_std0_p30.0_seed100/t-SNE-on-Filtered-Test.pdf
Saving results to /projects/b1094/StarEmbed/src/output/clustering/csdr1_raw4_catflags_filtered_embs_chronos_bolt_tiny_trn_val_tst_ctx200_bandgr_test_c1_std0_p30.0_seed200
Step 1: Loading dataset...
Saving results to /projects/b1094/StarEmbed/src/output/clustering/csdr1_raw_embs_moiral_small_trn_val_tst_ctx200_pdt64_psz16_bandgr_test_c1_std0_p30.0_seed200
Step 1: Loading dataset...
Removing outliers from dataset
selected 28000 train samples, 3967 validation samples, 7956 test samples
Step 2: Building label2idx mapping and saving original labels...
Using original label order: ['1', '13', '2', '4', '5', '6', '8']
Step 3: Converting embeddings & labels to NumPy arrays...
Step 4: No filtering (using all classes)
Step 4.5: Skipping standardization

Step 6: Clustering TEST split
  → K-Means (k=7)
  → Ward    (k=7)
Test  → K-Means  ARI=0.0118, NMI=0.0819, F1=0.1652
Test  → Ward      ARI=0.0024, NMI=0.0816, F1=0.1611

Step 8: t-SNE TEST (original labels)
  → t-SNE (t-SNE on Filtered Test)
Saving t-SNE plot to /projects/b1094/StarEmbed/src/output/clustering/csdr1_raw_embs_moiral_small_trn_val_tst_ctx200_pdt64_psz16_bandgr_test_c1_std0_p30.0_seed200/t-SNE-on-Filtered-Test.pdf
Saving results to /projects/b1094/StarEmbed/src/output/clustering/hf_csdr1_multiband_raw4_embeddings_astromer_1_subclass_pad_correct_test_c1_std0_p30.0_seed200
Step 1: Loading dataset...
Removing outliers from dataset
selected 29046 train samples, 4149 validation samples, 8300 test samples
Step 2: Building label2idx mapping and saving original labels...
Using original label order: ['1', '13', '2', '4', '5', '6', '8']
Step 3: Converting embeddings & labels to NumPy arrays...
Step 4: No filtering (using all classes)
Step 4.5: Skipping standardization

Step 6: Clustering TEST split
  → K-Means (k=7)
  → Ward    (k=7)
Test  → K-Means  ARI=0.0086, NMI=0.0030, F1=0.1546
Test  → Ward      ARI=0.0074, NMI=0.0034, F1=0.1498

Step 8: t-SNE TEST (original labels)
  → t-SNE (t-SNE on Filtered Test)
Saving t-SNE plot to /projects/b1094/StarEmbed/src/output/clustering/hf_csdr1_multiband_raw4_embeddings_astromer_1_subclass_pad_correct_test_c1_std0_p30.0_seed200/t-SNE-on-Filtered-Test.pdf
