Saving results to /projects/p32795/weijian/skai_universal_forecaster/src/aurora/eval/classification/kmeans/clustering4/s42p30.0mtestc1ihf_csdr1_multiband_raw4_embeddings_astromer_2_gr_sampling_True
Step 1: Loading dataset...
Removing outliers from dataset
selected 28000 train samples, 3967 validation samples, 7956 test samples
Step 2: Building label2idx mapping and saving original labels...
Step 3: Converting embeddings & labels to NumPy arrays...
Step 4: No filtering (using all classes)

Step 6: Clustering TEST split
  → K-Means (k=6)
  → Ward    (k=6)
Test  → K-Means  ARI=0.0473, NMI=0.1649, F1=0.3269
Test  → Ward      ARI=0.0468, NMI=0.1546, F1=0.2512

Step 8: t-SNE TEST (original labels)
  → t-SNE (t-SNE on Filtered Test)
Saving t-SNE plot to /projects/p32795/weijian/skai_universal_forecaster/src/aurora/eval/classification/kmeans/clustering4/s42p30.0mtestc1ihf_csdr1_multiband_raw4_embeddings_astromer_2_gr_sampling_True/t-SNE-on-Filtered-Test.pdf
Saving results to /projects/p32795/weijian/skai_universal_forecaster/src/aurora/eval/classification/kmeans/clustering4/s100p30.0mtestc1ihf_csdr1_multiband_raw4_embeddings_astromer_2_gr_sampling_True
Step 1: Loading dataset...
Removing outliers from dataset
selected 28000 train samples, 3967 validation samples, 7956 test samples
Step 2: Building label2idx mapping and saving original labels...
Step 3: Converting embeddings & labels to NumPy arrays...
Step 4: No filtering (using all classes)

Step 6: Clustering TEST split
  → K-Means (k=6)
  → Ward    (k=6)
Test  → K-Means  ARI=0.0473, NMI=0.1649, F1=0.3269
Test  → Ward      ARI=0.0468, NMI=0.1546, F1=0.2512

Step 8: t-SNE TEST (original labels)
  → t-SNE (t-SNE on Filtered Test)
Saving t-SNE plot to /projects/p32795/weijian/skai_universal_forecaster/src/aurora/eval/classification/kmeans/clustering4/s100p30.0mtestc1ihf_csdr1_multiband_raw4_embeddings_astromer_2_gr_sampling_True/t-SNE-on-Filtered-Test.pdf
Saving results to /projects/p32795/weijian/skai_universal_forecaster/src/aurora/eval/classification/kmeans/clustering4/s200p30.0mtestc1ihf_csdr1_multiband_raw4_embeddings_astromer_2_gr_sampling_True
Step 1: Loading dataset...
Removing outliers from dataset
selected 28000 train samples, 3967 validation samples, 7956 test samples
Step 2: Building label2idx mapping and saving original labels...
Step 3: Converting embeddings & labels to NumPy arrays...
Step 4: No filtering (using all classes)

Step 6: Clustering TEST split
  → K-Means (k=6)
  → Ward    (k=6)
Test  → K-Means  ARI=0.0473, NMI=0.1649, F1=0.3269
Test  → Ward      ARI=0.0468, NMI=0.1546, F1=0.2512

Step 8: t-SNE TEST (original labels)
  → t-SNE (t-SNE on Filtered Test)
Saving t-SNE plot to /projects/p32795/weijian/skai_universal_forecaster/src/aurora/eval/classification/kmeans/clustering4/s200p30.0mtestc1ihf_csdr1_multiband_raw4_embeddings_astromer_2_gr_sampling_True/t-SNE-on-Filtered-Test.pdf
