Saving results to /projects/b1094/StarEmbed/src/output/clustering/csdr1_raw4_catflags_filtered_embs_chronos_t5_tiny_trn_val_tst_ctx200_bandgr_test_c0_std0_p30.0_seed42
Step 1: Loading dataset...
Removing outliers from dataset
selected 28000 train samples, 3967 validation samples, 7956 test samples
Step 2: Building label2idx mapping and saving original labels...
Using original label order: ['1', '13', '2', '4', '5', '6', '8']
Step 3: Converting embeddings & labels to NumPy arrays...
Step 4: No filtering (using all classes)
Step 4.5: Skipping standardization

Step 6: Clustering TEST split
  → K-Means (k=7)
  → Ward    (k=7)
Test  → K-Means  ARI=0.1293, NMI=0.1888, F1=0.3027
Test  → Ward      ARI=0.1421, NMI=0.1804, F1=0.2686

Step 8: t-SNE TEST (original labels)
  → t-SNE (t-SNE on Filtered Test)
Saving t-SNE plot to /projects/b1094/StarEmbed/src/output/clustering/csdr1_raw4_catflags_filtered_embs_chronos_t5_tiny_trn_val_tst_ctx200_bandgr_test_c0_std0_p30.0_seed42/t-SNE-on-Filtered-Test.pdf
Saving results to /projects/b1094/StarEmbed/src/output/clustering/csdr1_raw4_catflags_filtered_embs_chronos_t5_tiny_trn_val_tst_ctx200_bandgr_test_c0_std0_p30.0_seed100
Step 1: Loading dataset...
Removing outliers from dataset
selected 28000 train samples, 3967 validation samples, 7956 test samples
Step 2: Building label2idx mapping and saving original labels...
Using original label order: ['1', '13', '2', '4', '5', '6', '8']
Step 3: Converting embeddings & labels to NumPy arrays...
Step 4: No filtering (using all classes)
Step 4.5: Skipping standardization

Step 6: Clustering TEST split
  → K-Means (k=7)
  → Ward    (k=7)
Test  → K-Means  ARI=0.1751, NMI=0.2497, F1=0.2774
Test  → Ward      ARI=0.1421, NMI=0.1804, F1=0.2686

Step 8: t-SNE TEST (original labels)
  → t-SNE (t-SNE on Filtered Test)
Saving t-SNE plot to /projects/b1094/StarEmbed/src/output/clustering/csdr1_raw4_catflags_filtered_embs_chronos_t5_tiny_trn_val_tst_ctx200_bandgr_test_c0_std0_p30.0_seed100/t-SNE-on-Filtered-Test.pdf
Saving results to /projects/b1094/StarEmbed/src/output/clustering/csdr1_raw4_catflags_filtered_embs_chronos_t5_tiny_trn_val_tst_ctx200_bandgr_test_c0_std0_p30.0_seed200
Step 1: Loading dataset...
Removing outliers from dataset
selected 28000 train samples, 3967 validation samples, 7956 test samples
Step 2: Building label2idx mapping and saving original labels...
Using original label order: ['1', '13', '2', '4', '5', '6', '8']
Step 3: Converting embeddings & labels to NumPy arrays...
Step 4: No filtering (using all classes)
Step 4.5: Skipping standardization

Step 6: Clustering TEST split
  → K-Means (k=7)
  → Ward    (k=7)
Test  → K-Means  ARI=0.1567, NMI=0.2217, F1=0.2968
Test  → Ward      ARI=0.1421, NMI=0.1804, F1=0.2686

Step 8: t-SNE TEST (original labels)
  → t-SNE (t-SNE on Filtered Test)
Saving t-SNE plot to /projects/b1094/StarEmbed/src/output/clustering/csdr1_raw4_catflags_filtered_embs_chronos_t5_tiny_trn_val_tst_ctx200_bandgr_test_c0_std0_p30.0_seed200/t-SNE-on-Filtered-Test.pdf
