Saving results to /projects/b1094/StarEmbed/src/output/clustering/all_split/csdr1_raw4_catflags_filtered_embs_chronos_t5_tiny_trn_val_tst_ctx200_bandgr_all_c1_std0_p30.0_seed42
Step 1: Loading dataset...
Removing outliers from dataset
selected 28000 train samples, 3967 validation samples, 7956 test samples
Step 2: Building label2idx mapping and saving original labels...
Using original label order: ['1', '13', '2', '4', '5', '6', '8']
Step 3: Converting embeddings & labels to NumPy arrays...
Step 4: No filtering (using all classes)
Step 4.5: Skipping standardization
Step 4.6: Combining all splits (train+validation+test) for clustering...
Combined dataset shape: (39923, 512)

Step 5: Clustering ALL splits combined (train+validation+test)
  → K-Means (k=7)
  → Ward    (k=7)
All   → K-Means  ARI=0.1528, NMI=0.2127, F1=0.2972
All   → Ward      ARI=0.0826, NMI=0.2106, F1=0.3285

Step 9: t-SNE ALL splits combined (original labels)
  → t-SNE (t-SNE on Combined Dataset)
Saving t-SNE plot to /projects/b1094/StarEmbed/src/output/clustering/all_split/csdr1_raw4_catflags_filtered_embs_chronos_t5_tiny_trn_val_tst_ctx200_bandgr_all_c1_std0_p30.0_seed42/t-SNE-on-Combined-Dataset.pdf
Saving results to /projects/b1094/StarEmbed/src/output/clustering/all_split/csdr1_raw4_catflags_filtered_embs_chronos_bolt_tiny_trn_val_tst_ctx200_bandgr_all_c1_std0_p30.0_seed42
Step 1: Loading dataset...
Saving results to /projects/b1094/StarEmbed/src/output/clustering/all_split/csdr1_raw_embs_moiral_small_trn_val_tst_ctx200_pdt64_psz16_bandgr_all_c1_std0_p30.0_seed42
Step 1: Loading dataset...
Removing outliers from dataset
selected 28000 train samples, 3967 validation samples, 7956 test samples
Step 2: Building label2idx mapping and saving original labels...
Using original label order: ['1', '13', '2', '4', '5', '6', '8']
Step 3: Converting embeddings & labels to NumPy arrays...
Step 4: No filtering (using all classes)
Step 4.5: Skipping standardization
Step 4.6: Combining all splits (train+validation+test) for clustering...
Combined dataset shape: (39923, 768)

Step 5: Clustering ALL splits combined (train+validation+test)
  → K-Means (k=7)
  → Ward    (k=7)
All   → K-Means  ARI=0.0144, NMI=0.0811, F1=0.1565
All   → Ward      ARI=0.0112, NMI=0.0759, F1=0.1506

Step 9: t-SNE ALL splits combined (original labels)
  → t-SNE (t-SNE on Combined Dataset)
Saving t-SNE plot to /projects/b1094/StarEmbed/src/output/clustering/all_split/csdr1_raw_embs_moiral_small_trn_val_tst_ctx200_pdt64_psz16_bandgr_all_c1_std0_p30.0_seed42/t-SNE-on-Combined-Dataset.pdf
Saving results to /projects/b1094/StarEmbed/src/output/clustering/all_split/hf_csdr1_multiband_raw4_embeddings_astromer_1_subclass_pad_correct_all_c1_std0_p30.0_seed42
Step 1: Loading dataset...
Removing outliers from dataset
selected 29046 train samples, 4149 validation samples, 8300 test samples
Step 2: Building label2idx mapping and saving original labels...
Using original label order: ['1', '13', '2', '4', '5', '6', '8']
Step 3: Converting embeddings & labels to NumPy arrays...
Step 4: No filtering (using all classes)
Step 4.5: Skipping standardization
Step 4.6: Combining all splits (train+validation+test) for clustering...
Combined dataset shape: (41495, 512)

Step 5: Clustering ALL splits combined (train+validation+test)
  → K-Means (k=7)
  → Ward    (k=7)
All   → K-Means  ARI=-0.0004, NMI=0.0015, F1=0.1445
All   → Ward      ARI=-0.0009, NMI=0.0018, F1=0.1464

Step 9: t-SNE ALL splits combined (original labels)
  → t-SNE (t-SNE on Combined Dataset)
Saving t-SNE plot to /projects/b1094/StarEmbed/src/output/clustering/all_split/hf_csdr1_multiband_raw4_embeddings_astromer_1_subclass_pad_correct_all_c1_std0_p30.0_seed42/t-SNE-on-Combined-Dataset.pdf
Saving results to /projects/b1094/StarEmbed/src/output/clustering/all_split/csdr1_raw4_catflags_filtered_embs_hand_crafted_trn_val_tst_bandgr_all_c1_std1_p30.0_seed42
Step 1: Loading dataset...
Removing outliers from hand-crafted dataset
selected 27997 train samples, 3967 validation samples, 7956 test samples
Step 2: Building label2idx mapping and saving original labels...
Using original label order: ['1', '13', '2', '4', '5', '6', '8']
Step 3: Converting embeddings & labels to NumPy arrays...
Step 4: No filtering (using all classes)
Step 4.5: Applying StandardScaler to features...
Features standardized. Train shape: (27997, 138), Test shape: (7956, 138), Valid shape: (3967, 138)
Step 4.6: Combining all splits (train+validation+test) for clustering...
Combined dataset shape: (39920, 138)

Step 5: Clustering ALL splits combined (train+validation+test)
  → K-Means (k=7)
  → Ward    (k=7)
All   → K-Means  ARI=0.1063, NMI=0.2571, F1=0.4141
All   → Ward      ARI=0.1319, NMI=0.2508, F1=0.3323

Step 9: t-SNE ALL splits combined (original labels)
  → t-SNE (t-SNE on Combined Dataset)
Saving t-SNE plot to /projects/b1094/StarEmbed/src/output/clustering/all_split/csdr1_raw4_catflags_filtered_embs_hand_crafted_trn_val_tst_bandgr_all_c1_std1_p30.0_seed42/t-SNE-on-Combined-Dataset.pdf
Saving results to /projects/b1094/StarEmbed/src/output/clustering/all_split/hf_csdr1_multiband_raw4_embeddings_astromer_2_gr_sampling_True_all_c1_std0_p30.0_seed42
Step 1: Loading dataset...
Removing outliers from dataset
selected 28000 train samples, 3967 validation samples, 7956 test samples
Step 2: Building label2idx mapping and saving original labels...
Using original label order: ['1', '13', '2', '4', '5', '6', '8']
Step 3: Converting embeddings & labels to NumPy arrays...
Step 4: No filtering (using all classes)
Step 4.5: Skipping standardization
Step 4.6: Combining all splits (train+validation+test) for clustering...
Combined dataset shape: (39923, 512)

Step 5: Clustering ALL splits combined (train+validation+test)
  → K-Means (k=7)
  → Ward    (k=7)
All   → K-Means  ARI=-0.0005, NMI=0.0055, F1=0.1486
All   → Ward      ARI=-0.0021, NMI=0.0055, F1=0.1509

Step 9: t-SNE ALL splits combined (original labels)
  → t-SNE (t-SNE on Combined Dataset)
Saving t-SNE plot to /projects/b1094/StarEmbed/src/output/clustering/all_split/hf_csdr1_multiband_raw4_embeddings_astromer_2_gr_sampling_True_all_c1_std0_p30.0_seed42/t-SNE-on-Combined-Dataset.pdf
Saving results to /projects/b1094/StarEmbed/src/output/clustering/all_split/csdr1_raw4_catflags_filtered_embs_chronos_t5_tiny_trn_val_tst_ctx200_bandgr_all_c1_std0_p30.0_seed100
Step 1: Loading dataset...
Removing outliers from dataset
selected 28000 train samples, 3967 validation samples, 7956 test samples
Step 2: Building label2idx mapping and saving original labels...
Using original label order: ['1', '13', '2', '4', '5', '6', '8']
Step 3: Converting embeddings & labels to NumPy arrays...
Step 4: No filtering (using all classes)
Step 4.5: Skipping standardization
Step 4.6: Combining all splits (train+validation+test) for clustering...
Combined dataset shape: (39923, 512)

Step 5: Clustering ALL splits combined (train+validation+test)
  → K-Means (k=7)
  → Ward    (k=7)
All   → K-Means  ARI=0.1090, NMI=0.1587, F1=0.2512
All   → Ward      ARI=0.0826, NMI=0.2106, F1=0.3285

Step 9: t-SNE ALL splits combined (original labels)
  → t-SNE (t-SNE on Combined Dataset)
Saving t-SNE plot to /projects/b1094/StarEmbed/src/output/clustering/all_split/csdr1_raw4_catflags_filtered_embs_chronos_t5_tiny_trn_val_tst_ctx200_bandgr_all_c1_std0_p30.0_seed100/t-SNE-on-Combined-Dataset.pdf
Saving results to /projects/b1094/StarEmbed/src/output/clustering/all_split/csdr1_raw4_catflags_filtered_embs_chronos_bolt_tiny_trn_val_tst_ctx200_bandgr_all_c1_std0_p30.0_seed100
Step 1: Loading dataset...
Saving results to /projects/b1094/StarEmbed/src/output/clustering/all_split/csdr1_raw_embs_moiral_small_trn_val_tst_ctx200_pdt64_psz16_bandgr_all_c1_std0_p30.0_seed100
Step 1: Loading dataset...
Removing outliers from dataset
selected 28000 train samples, 3967 validation samples, 7956 test samples
Step 2: Building label2idx mapping and saving original labels...
Using original label order: ['1', '13', '2', '4', '5', '6', '8']
Step 3: Converting embeddings & labels to NumPy arrays...
Step 4: No filtering (using all classes)
Step 4.5: Skipping standardization
Step 4.6: Combining all splits (train+validation+test) for clustering...
Combined dataset shape: (39923, 768)

Step 5: Clustering ALL splits combined (train+validation+test)
  → K-Means (k=7)
  → Ward    (k=7)
All   → K-Means  ARI=0.0144, NMI=0.0811, F1=0.1565
All   → Ward      ARI=0.0112, NMI=0.0759, F1=0.1506

Step 9: t-SNE ALL splits combined (original labels)
  → t-SNE (t-SNE on Combined Dataset)
Saving t-SNE plot to /projects/b1094/StarEmbed/src/output/clustering/all_split/csdr1_raw_embs_moiral_small_trn_val_tst_ctx200_pdt64_psz16_bandgr_all_c1_std0_p30.0_seed100/t-SNE-on-Combined-Dataset.pdf
Saving results to /projects/b1094/StarEmbed/src/output/clustering/all_split/hf_csdr1_multiband_raw4_embeddings_astromer_1_subclass_pad_correct_all_c1_std0_p30.0_seed100
Step 1: Loading dataset...
Removing outliers from dataset
selected 29046 train samples, 4149 validation samples, 8300 test samples
Step 2: Building label2idx mapping and saving original labels...
Using original label order: ['1', '13', '2', '4', '5', '6', '8']
Step 3: Converting embeddings & labels to NumPy arrays...
Step 4: No filtering (using all classes)
Step 4.5: Skipping standardization
Step 4.6: Combining all splits (train+validation+test) for clustering...
Combined dataset shape: (41495, 512)

Step 5: Clustering ALL splits combined (train+validation+test)
  → K-Means (k=7)
  → Ward    (k=7)
All   → K-Means  ARI=-0.0001, NMI=0.0014, F1=0.1452
All   → Ward      ARI=-0.0009, NMI=0.0018, F1=0.1464

Step 9: t-SNE ALL splits combined (original labels)
  → t-SNE (t-SNE on Combined Dataset)
Saving t-SNE plot to /projects/b1094/StarEmbed/src/output/clustering/all_split/hf_csdr1_multiband_raw4_embeddings_astromer_1_subclass_pad_correct_all_c1_std0_p30.0_seed100/t-SNE-on-Combined-Dataset.pdf
Saving results to /projects/b1094/StarEmbed/src/output/clustering/all_split/csdr1_raw4_catflags_filtered_embs_hand_crafted_trn_val_tst_bandgr_all_c1_std1_p30.0_seed100
Step 1: Loading dataset...
Removing outliers from hand-crafted dataset
selected 27997 train samples, 3967 validation samples, 7956 test samples
Step 2: Building label2idx mapping and saving original labels...
Using original label order: ['1', '13', '2', '4', '5', '6', '8']
Step 3: Converting embeddings & labels to NumPy arrays...
Step 4: No filtering (using all classes)
Step 4.5: Applying StandardScaler to features...
Features standardized. Train shape: (27997, 138), Test shape: (7956, 138), Valid shape: (3967, 138)
Step 4.6: Combining all splits (train+validation+test) for clustering...
Combined dataset shape: (39920, 138)

Step 5: Clustering ALL splits combined (train+validation+test)
  → K-Means (k=7)
  → Ward    (k=7)
All   → K-Means  ARI=0.1204, NMI=0.2683, F1=0.3713
All   → Ward      ARI=0.1319, NMI=0.2508, F1=0.3323

Step 9: t-SNE ALL splits combined (original labels)
  → t-SNE (t-SNE on Combined Dataset)
Saving t-SNE plot to /projects/b1094/StarEmbed/src/output/clustering/all_split/csdr1_raw4_catflags_filtered_embs_hand_crafted_trn_val_tst_bandgr_all_c1_std1_p30.0_seed100/t-SNE-on-Combined-Dataset.pdf
Saving results to /projects/b1094/StarEmbed/src/output/clustering/all_split/hf_csdr1_multiband_raw4_embeddings_astromer_2_gr_sampling_True_all_c1_std0_p30.0_seed100
Step 1: Loading dataset...
Removing outliers from dataset
selected 28000 train samples, 3967 validation samples, 7956 test samples
Step 2: Building label2idx mapping and saving original labels...
Using original label order: ['1', '13', '2', '4', '5', '6', '8']
Step 3: Converting embeddings & labels to NumPy arrays...
Step 4: No filtering (using all classes)
Step 4.5: Skipping standardization
Step 4.6: Combining all splits (train+validation+test) for clustering...
Combined dataset shape: (39923, 512)

Step 5: Clustering ALL splits combined (train+validation+test)
  → K-Means (k=7)
  → Ward    (k=7)
All   → K-Means  ARI=-0.0018, NMI=0.0056, F1=0.1505
All   → Ward      ARI=-0.0021, NMI=0.0055, F1=0.1509

Step 9: t-SNE ALL splits combined (original labels)
  → t-SNE (t-SNE on Combined Dataset)
Saving t-SNE plot to /projects/b1094/StarEmbed/src/output/clustering/all_split/hf_csdr1_multiband_raw4_embeddings_astromer_2_gr_sampling_True_all_c1_std0_p30.0_seed100/t-SNE-on-Combined-Dataset.pdf
Saving results to /projects/b1094/StarEmbed/src/output/clustering/all_split/csdr1_raw4_catflags_filtered_embs_chronos_t5_tiny_trn_val_tst_ctx200_bandgr_all_c1_std0_p30.0_seed200
Step 1: Loading dataset...
Removing outliers from dataset
selected 28000 train samples, 3967 validation samples, 7956 test samples
Step 2: Building label2idx mapping and saving original labels...
Using original label order: ['1', '13', '2', '4', '5', '6', '8']
Step 3: Converting embeddings & labels to NumPy arrays...
Step 4: No filtering (using all classes)
Step 4.5: Skipping standardization
Step 4.6: Combining all splits (train+validation+test) for clustering...
Combined dataset shape: (39923, 512)

Step 5: Clustering ALL splits combined (train+validation+test)
  → K-Means (k=7)
  → Ward    (k=7)
All   → K-Means  ARI=0.1528, NMI=0.2127, F1=0.2972
All   → Ward      ARI=0.0826, NMI=0.2106, F1=0.3285

Step 9: t-SNE ALL splits combined (original labels)
  → t-SNE (t-SNE on Combined Dataset)
Saving t-SNE plot to /projects/b1094/StarEmbed/src/output/clustering/all_split/csdr1_raw4_catflags_filtered_embs_chronos_t5_tiny_trn_val_tst_ctx200_bandgr_all_c1_std0_p30.0_seed200/t-SNE-on-Combined-Dataset.pdf
Saving results to /projects/b1094/StarEmbed/src/output/clustering/all_split/csdr1_raw4_catflags_filtered_embs_chronos_bolt_tiny_trn_val_tst_ctx200_bandgr_all_c1_std0_p30.0_seed200
Step 1: Loading dataset...
Saving results to /projects/b1094/StarEmbed/src/output/clustering/all_split/csdr1_raw_embs_moiral_small_trn_val_tst_ctx200_pdt64_psz16_bandgr_all_c1_std0_p30.0_seed200
Step 1: Loading dataset...
Removing outliers from dataset
selected 28000 train samples, 3967 validation samples, 7956 test samples
Step 2: Building label2idx mapping and saving original labels...
Using original label order: ['1', '13', '2', '4', '5', '6', '8']
Step 3: Converting embeddings & labels to NumPy arrays...
Step 4: No filtering (using all classes)
Step 4.5: Skipping standardization
Step 4.6: Combining all splits (train+validation+test) for clustering...
Combined dataset shape: (39923, 768)

Step 5: Clustering ALL splits combined (train+validation+test)
  → K-Means (k=7)
  → Ward    (k=7)
All   → K-Means  ARI=0.0144, NMI=0.0811, F1=0.1566
All   → Ward      ARI=0.0112, NMI=0.0759, F1=0.1506

Step 9: t-SNE ALL splits combined (original labels)
  → t-SNE (t-SNE on Combined Dataset)
Saving t-SNE plot to /projects/b1094/StarEmbed/src/output/clustering/all_split/csdr1_raw_embs_moiral_small_trn_val_tst_ctx200_pdt64_psz16_bandgr_all_c1_std0_p30.0_seed200/t-SNE-on-Combined-Dataset.pdf
Saving results to /projects/b1094/StarEmbed/src/output/clustering/all_split/hf_csdr1_multiband_raw4_embeddings_astromer_1_subclass_pad_correct_all_c1_std0_p30.0_seed200
Step 1: Loading dataset...
Removing outliers from dataset
selected 29046 train samples, 4149 validation samples, 8300 test samples
Step 2: Building label2idx mapping and saving original labels...
Using original label order: ['1', '13', '2', '4', '5', '6', '8']
Step 3: Converting embeddings & labels to NumPy arrays...
Step 4: No filtering (using all classes)
Step 4.5: Skipping standardization
Step 4.6: Combining all splits (train+validation+test) for clustering...
Combined dataset shape: (41495, 512)

Step 5: Clustering ALL splits combined (train+validation+test)
  → K-Means (k=7)
  → Ward    (k=7)
All   → K-Means  ARI=-0.0004, NMI=0.0015, F1=0.1444
All   → Ward      ARI=-0.0009, NMI=0.0018, F1=0.1464

Step 9: t-SNE ALL splits combined (original labels)
  → t-SNE (t-SNE on Combined Dataset)
Saving t-SNE plot to /projects/b1094/StarEmbed/src/output/clustering/all_split/hf_csdr1_multiband_raw4_embeddings_astromer_1_subclass_pad_correct_all_c1_std0_p30.0_seed200/t-SNE-on-Combined-Dataset.pdf
Saving results to /projects/b1094/StarEmbed/src/output/clustering/all_split/csdr1_raw4_catflags_filtered_embs_hand_crafted_trn_val_tst_bandgr_all_c1_std1_p30.0_seed200
Step 1: Loading dataset...
Removing outliers from hand-crafted dataset
selected 27997 train samples, 3967 validation samples, 7956 test samples
Step 2: Building label2idx mapping and saving original labels...
Using original label order: ['1', '13', '2', '4', '5', '6', '8']
Step 3: Converting embeddings & labels to NumPy arrays...
Step 4: No filtering (using all classes)
Step 4.5: Applying StandardScaler to features...
Features standardized. Train shape: (27997, 138), Test shape: (7956, 138), Valid shape: (3967, 138)
Step 4.6: Combining all splits (train+validation+test) for clustering...
Combined dataset shape: (39920, 138)

Step 5: Clustering ALL splits combined (train+validation+test)
  → K-Means (k=7)
  → Ward    (k=7)
All   → K-Means  ARI=0.1151, NMI=0.2603, F1=0.4231
All   → Ward      ARI=0.1319, NMI=0.2508, F1=0.3323

Step 9: t-SNE ALL splits combined (original labels)
  → t-SNE (t-SNE on Combined Dataset)
Saving t-SNE plot to /projects/b1094/StarEmbed/src/output/clustering/all_split/csdr1_raw4_catflags_filtered_embs_hand_crafted_trn_val_tst_bandgr_all_c1_std1_p30.0_seed200/t-SNE-on-Combined-Dataset.pdf
Saving results to /projects/b1094/StarEmbed/src/output/clustering/all_split/hf_csdr1_multiband_raw4_embeddings_astromer_2_gr_sampling_True_all_c1_std0_p30.0_seed200
Step 1: Loading dataset...
Removing outliers from dataset
selected 28000 train samples, 3967 validation samples, 7956 test samples
Step 2: Building label2idx mapping and saving original labels...
Using original label order: ['1', '13', '2', '4', '5', '6', '8']
Step 3: Converting embeddings & labels to NumPy arrays...
Step 4: No filtering (using all classes)
Step 4.5: Skipping standardization
Step 4.6: Combining all splits (train+validation+test) for clustering...
Combined dataset shape: (39923, 512)

Step 5: Clustering ALL splits combined (train+validation+test)
  → K-Means (k=7)
  → Ward    (k=7)
All   → K-Means  ARI=-0.0019, NMI=0.0056, F1=0.1514
All   → Ward      ARI=-0.0021, NMI=0.0055, F1=0.1509

Step 9: t-SNE ALL splits combined (original labels)
  → t-SNE (t-SNE on Combined Dataset)
Saving t-SNE plot to /projects/b1094/StarEmbed/src/output/clustering/all_split/hf_csdr1_multiband_raw4_embeddings_astromer_2_gr_sampling_True_all_c1_std0_p30.0_seed200/t-SNE-on-Combined-Dataset.pdf
